local lazypath = vim.fn.stdpath("data") .. "/lazy/lazy.nvim"
if not (vim.uv or vim.loop).fs_stat(lazypath) then
    vim.fn.system({
        "git",
        "clone",
        "--filter=blob:none",
        "https://github.com/folke/lazy.nvim.git",
        "--branch=stable", -- latest stable release
        lazypath,
    })
end
vim.opt.rtp:prepend(lazypath)

require("lazy").setup({
    {
        'olivercederborg/poimandres.nvim',
        lazy = false,
        priority = 1000,
        config = function()
            require('poimandres').setup {
                disable_background = true, -- disable background
            }
            vim.cmd("colorscheme poimandres")
        end,
    },
    {
        "williamboman/mason.nvim",
        config = function()
            require("mason").setup {
            }
        end,
    },
    {
        "williamboman/mason-lspconfig.nvim",
        config = function()
            require("mason-lspconfig").setup({
                ensure_installed = { "lua_ls", "pyright", "tsserver" }, -- 必要なLSPサーバーをリスト
            })
        end,
    },
    {
        "neovim/nvim-lspconfig",
        config = function()
            local lspconfig = require("lspconfig")
            local on_attach = function (client, bufnr)
            end
            lspconfig.lua_ls.setup {
                settings = {
                    Lua = {
                        diagnostics = {
                        globals = {"vim"},
                        },
                    },
                },
                on_attach = on_attach,
            }
            lspconfig.pyright.setup {on_attach = on_attach}
            lspconfig.clangd.setup {on_attach = on_attach}
        end,
    },
    {
        "hrsh7th/nvim-cmp",
        dependencies = {
            "hrsh7th/cmp-nvim-lsp",  -- LSPの補完ソース
            "hrsh7th/cmp-buffer",    -- バッファ内の補完
            "hrsh7th/cmp-path",      -- パスの補完
            "L3MON4D3/LuaSnip",      -- スニペットエンジン
            "saadparwaiz1/cmp_luasnip", -- LuaSnipとの統合
        },
        config = function()
            local cmp = require("cmp")
            cmp.setup({
                snippet = {
                    expand = function(args)
                        require("luasnip").lsp_expand(args.body) -- LuaSnipの使用
                    end,
                },
                mapping = {
                    ["<C-d>"] = cmp.mapping.scroll_docs(-4),
                    ["<C-f>"] = cmp.mapping.scroll_docs(4),
                    ["<C-Space>"] = cmp.mapping.complete(),
                    ["<CR>"] = cmp.mapping.confirm({ select = true }), -- Enterで補完決定
                    ["<Tab>"] = cmp.mapping.select_next_item(),
                    ["<S-Tab>"] = cmp.mapping.select_prev_item(),
                },
                sources = {
                    { name = "nvim_lsp" },   -- LSPの補完ソース
                    { name = "buffer" },     -- バッファ内の補完
                    { name = "path" },       -- ファイルパスの補完
                    { name = "luasnip" },    -- スニペットの補完
                },
            })
        end,
    },
})

-- すべてのLSPで診断をすぐに行う設定
vim.api.nvim_create_autocmd("BufEnter", {
    callback = function()
        vim.lsp.buf.document_highlight()  -- ファイルを開いたときに診断を実行
    end,
})

require("options")
